#
# A fatal error has been detected by the Java Runtime Environment:
#
#  EXCEPTION_ACCESS_VIOLATION (0xc0000005) at pc=0x000000006c734479, pid=13984, tid=12744
#
# JRE version: 7.0_04-b22
# Java VM: Java HotSpot(TM) 64-Bit Server VM (23.0-b21 mixed mode windows-amd64 compressed oops)
# Problematic frame:
# C  [R.dll+0x34479]  R_gc+0xb9
#
# Failed to write core dump. Minidumps are not enabled by default on client versions of Windows
#
# If you would like to submit a bug report, please visit:
#   http://bugreport.sun.com/bugreport/crash.jsp
# The crash happened outside the Java Virtual Machine in native code.
# See problematic frame for where to report the bug.
#

---------------  T H R E A D  ---------------

Current thread (0x000000000d312000):  JavaThread "Thread-2" [_thread_in_native, id=12744, stack(0x000000000e060000,0x000000000e160000)]

siginfo: ExceptionCode=0xc0000005, reading address 0x0000000000000018

Registers:
RAX=0x0000000000000000, RBX=0x0000000000000030, RCX=0x00000000003a0000, RDX=0x0000000000000000
RSP=0x000000000e15eac0, RBP=0x0000000000000020, RSI=0x0000000000000028, RDI=0x00000000003a0018
R8 =0x000000006ca35f30, R9 =0x0000000000000000, R10=0x0000000000000000, R11=0x0000000000000246
R12=0x000000006ca35df0, R13=0x0000000000000000, R14=0x000000000e15ecd0, R15=0x000000000d312000
RIP=0x000000006c734479, EFLAGS=0x0000000000010202

Top of Stack: (sp=0x000000000e15eac0)
0x000000000e15eac0:   0000000000000003 000000000a5a8eb0
0x000000000e15ead0:   000000000a5a9501 000000000e15ebf0
0x000000000e15eae0:   000000000d312000 0000000000000000
0x000000000e15eaf0:   0000000000000001 000000000000000d
0x000000000e15eb00:   00000000025dc900 0000000000000001
0x000000000e15eb10:   00000000d5e9fe10 000000000e15ecd0
0x000000000e15eb20:   000000000d312000 000000006c735b28
0x000000000e15eb30:   0000000000000002 0000000000000004
0x000000000e15eb40:   000000000e15ecd0 00000000d5e9fe10
0x000000000e15eb50:   0000000000000004 000000005b8b4f62
0x000000000e15eb60:   0000000000000000 0000000000000000
0x000000000e15eb70:   0000000000000000 0000000000000000
0x000000000e15eb80:   0000000002a461f8 000000000d3121d8
0x000000000e15eb90:   000000000e15ecc8 0000000002a461f8
0x000000000e15eba0:   00000000025dc900 0000000000000001
0x000000000e15ebb0:   00000000d5e9fe10 000000000e15ecd0 

Instructions: (pc=0x000000006c734479)
0x000000006c734459:   8d 24 20 49 89 78 08 49 8b 04 24 85 f6 74 49 48
0x000000006c734469:   83 c7 08 31 d2 c1 e5 05 eb 03 4c 89 c8 41 ff 00
0x000000006c734479:   48 8b 48 18 48 89 47 10 48 89 78 18 48 89 79 10
0x000000006c734489:   8b 05 d1 24 30 00 48 89 4f 18 89 07 49 89 f9 c1 


Register to memory mapping:

RAX=0x0000000000000000 is an unknown value
RBX=0x0000000000000030 is an unknown value
RCX=0x00000000003a0000 is an unknown value
RDX=0x0000000000000000 is an unknown value
RSP=0x000000000e15eac0 is pointing into the stack for thread: 0x000000000d312000
RBP=0x0000000000000020 is an unknown value
RSI=0x0000000000000028 is an unknown value
RDI=0x00000000003a0018 is an unknown value
R8 =0x000000006ca35f30 is an unknown value
R9 =0x0000000000000000 is an unknown value
R10=0x0000000000000000 is an unknown value
R11=0x0000000000000246 is an unknown value
R12=0x000000006ca35df0 is an unknown value
R13=0x0000000000000000 is an unknown value
R14=0x000000000e15ecd0 is pointing into the stack for thread: 0x000000000d312000
R15=0x000000000d312000 is a thread


Stack: [0x000000000e060000,0x000000000e160000],  sp=0x000000000e15eac0,  free space=1018k
Native frames: (J=compiled Java code, j=interpreted, Vv=VM code, C=native code)
C  [R.dll+0x34479]  R_gc+0xb9

[error occurred during error reporting (printing native stack), id 0xc0000005]

Java frames: (J=compiled Java code, j=interpreted, Vv=VM code)
j  org.rosuda.JRI.Rengine.rniPutIntArray([I)J+0
j  org.rosuda.JRI.Rengine.assign(Ljava/lang/String;Lorg/rosuda/JRI/REXP;)Z+101
j  org.rosuda.JRI.Rengine.assign(Ljava/lang/String;[I)Z+10
j  LHP.Watcher.estimateAggregation(Ljava/util/ArrayList;)V+93
j  LHP.Watcher.samplePopulation()V+51
j  LHP.Watcher.step()V+102
j  LHP.Watcher$$FastClassByCGLIB$$8ebb1402.invoke(ILjava/lang/Object;[Ljava/lang/Object;)Ljava/lang/Object;+76
j  net.sf.cglib.reflect.FastMethod.invoke(Ljava/lang/Object;[Ljava/lang/Object;)Ljava/lang/Object;+10
j  repast.simphony.engine.schedule.DynamicTargetAction.execute()V+11
j  repast.simphony.engine.controller.ScheduledMethodControllerAction$ScheduleMethodAction.execute()V+52
j  repast.simphony.engine.schedule.DefaultAction.execute()V+4
j  repast.simphony.engine.schedule.ScheduleGroup.executeList(Ljava/util/List;)Z+56
j  repast.simphony.engine.schedule.ScheduleGroup.execute()V+24
j  repast.simphony.engine.schedule.Schedule.execute()V+18
j  repast.simphony.batch.BatchScheduleRunner$ScheduleLoopRunnable.run()V+36
j  java.lang.Thread.run()V+11
v  ~StubRoutines::call_stub

---------------  P R O C E S S  ---------------

Java Threads: ( => current thread )
=>0x000000000d312000 JavaThread "Thread-2" [_thread_in_native, id=12744, stack(0x000000000e060000,0x000000000e160000)]
  0x000000000c6cc800 JavaThread "Timer-0" daemon [_thread_blocked, id=19064, stack(0x000000000cf40000,0x000000000d040000)]
  0x000000000c6c7800 JavaThread "WeakCollectionCleaner" daemon [_thread_blocked, id=18992, stack(0x000000000cda0000,0x000000000cea0000)]
  0x000000000a5aa800 JavaThread "Service Thread" daemon [_thread_blocked, id=17904, stack(0x000000000ab90000,0x000000000ac90000)]
  0x000000000a5a5800 JavaThread "C2 CompilerThread1" daemon [_thread_blocked, id=11492, stack(0x000000000adc0000,0x000000000aec0000)]
  0x000000000a591000 JavaThread "C2 CompilerThread0" daemon [_thread_blocked, id=15276, stack(0x000000000ac90000,0x000000000ad90000)]
  0x000000000a590000 JavaThread "Attach Listener" daemon [_thread_blocked, id=18916, stack(0x000000000aa40000,0x000000000ab40000)]
  0x000000000a58f800 JavaThread "Signal Dispatcher" daemon [_thread_blocked, id=14380, stack(0x000000000a2c0000,0x000000000a3c0000)]
  0x000000000875a800 JavaThread "Finalizer" daemon [_thread_blocked, id=16508, stack(0x000000000a440000,0x000000000a540000)]
  0x0000000008752800 JavaThread "Reference Handler" daemon [_thread_blocked, id=18700, stack(0x000000000a1c0000,0x000000000a2c0000)]
  0x000000000039e800 JavaThread "main" [_thread_blocked, id=18620, stack(0x0000000002940000,0x0000000002a40000)]

Other Threads:
  0x000000000874c000 VMThread [stack: 0x000000000a0a0000,0x000000000a1a0000] [id=9396]
  0x000000000a5bd000 WatcherThread [stack: 0x000000000afb0000,0x000000000b0b0000] [id=15340]

VM state:not at safepoint (normal execution)

VM Mutex/Monitor currently owned by a thread: None

Heap
 PSYoungGen      total 204480K, used 171251K [0x00000000f3800000, 0x0000000000000000, 0x0000000000000000)
  eden space 204160K, 83% used [0x00000000f3800000,0x00000000fdf0cd88,0x00000000fff60000)
  from space 320K, 60% used [0x00000000fff60000,0x00000000fff90000,0x00000000fffb0000)
  to   space 320K, 0% used [0x00000000fffb0000,0x00000000fffb0000,0x0000000000000000)
 ParOldGen       total 86144K, used 42854K [0x00000000da800000, 0x00000000dfc20000, 0x00000000f3800000)
  object space 86144K, 49% used [0x00000000da800000,0x00000000dd1d9948,0x00000000dfc20000)
 PSPermGen       total 21248K, used 18158K [0x00000000d5600000, 0x00000000d6ac0000, 0x00000000da800000)
  object space 21248K, 85% used [0x00000000d5600000,0x00000000d67bbbb8,0x00000000d6ac0000)

Code Cache  [0x0000000002a40000, 0x0000000002cb0000, 0x0000000005a40000)
 total_blobs=1065 nmethods=713 adapters=303 free_code_cache=47069Kb largest_free_block=48152064

Compilation events (10 events):
Event: 9.941 Thread 0x000000000a5a5800 nmethod 766 0x0000000002b76310 code [0x0000000002b76460, 0x0000000002b767c8]
Event: 9.942 Thread 0x000000000a591000 nmethod 765 0x0000000002b6b490 code [0x0000000002b6b600, 0x0000000002b6ba18]
Event: 10.171 Thread 0x000000000a5a5800    6 % !         org.geotools.util.WeakCollectionCleaner::run @ 0 (78 bytes)
Event: 10.174 Thread 0x000000000a5a5800 nmethod 6% 0x0000000002b69990 code [0x0000000002b69b20, 0x0000000002b69d30]
Event: 10.532 Thread 0x000000000a591000  768             java.util.Collections::sort (53 bytes)
Event: 10.539 Thread 0x000000000a591000 nmethod 768 0x0000000002b691d0 code [0x0000000002b69340, 0x0000000002b69638]
Event: 10.772 Thread 0x000000000a5a5800  769             repast.simphony.engine.schedule.AbstractAction::getPriority (5 bytes)
Event: 10.772 Thread 0x000000000a5a5800 nmethod 769 0x0000000002b68fd0 code [0x0000000002b69100, 0x0000000002b69158]
Event: 10.799 Thread 0x000000000a591000    7 %           java.util.regex.Pattern$Start::match @ 31 (90 bytes)
Event: 10.801 Thread 0x000000000a591000 nmethod 7% 0x0000000002b6cc90 code [0x0000000002b6cde0, 0x0000000002b6d078]

GC Heap History (10 events):
Event: 10.724 GC heap before
{Heap before GC invocations=251 (full 0):
 PSYoungGen      total 204480K, used 204320K [0x00000000f3800000, 0x0000000000000000, 0x0000000000000000)
  eden space 204160K, 100% used [0x00000000f3800000,0x00000000fff60000,0x00000000fff60000)
  from space 320K, 50% used [0x00000000fffb0000,0x00000000fffd8000,0x0000000000000000)
  to   space 320K, 0% used [0x00000000fff60000,0x00000000fff60000,0x00000000fffb0000)
 ParOldGen       total 86144K, used 42726K [0x00000000da800000, 0x00000000dfc20000, 0x00000000f3800000)
  object space 86144K, 49% used [0x00000000da800000,0x00000000dd1b9948,0x00000000dfc20000)
 PSPermGen       total 21248K, used 18130K [0x00000000d5600000, 0x00000000d6ac0000, 0x00000000da800000)
  object space 21248K, 85% used [0x00000000d5600000,0x00000000d67b4be8,0x00000000d6ac0000)
Event: 10.725 GC heap after
Heap after GC invocations=251 (full 0):
 PSYoungGen      total 204480K, used 256K [0x00000000f3800000, 0x0000000000000000, 0x0000000000000000)
  eden space 204160K, 0% used [0x00000000f3800000,0x00000000f3800000,0x00000000fff60000)
  from space 320K, 80% used [0x00000000fff60000,0x00000000fffa0000,0x00000000fffb0000)
  to   space 320K, 0% used [0x00000000fffb0000,0x00000000fffb0000,0x0000000000000000)
 ParOldGen       total 86144K, used 42774K [0x00000000da800000, 0x00000000dfc20000, 0x00000000f3800000)
  object space 86144K, 49% used [0x00000000da800000,0x00000000dd1c5948,0x00000000dfc20000)
 PSPermGen       total 21248K, used 18130K [0x00000000d5600000, 0x00000000d6ac0000, 0x00000000da800000)
  object space 21248K, 85% used [0x00000000d5600000,0x00000000d67b4be8,0x00000000d6ac0000)
}
Event: 10.741 GC heap before
{Heap before GC invocations=252 (full 0):
 PSYoungGen      total 204480K, used 204416K [0x00000000f3800000, 0x0000000000000000, 0x0000000000000000)
  eden space 204160K, 100% used [0x00000000f3800000,0x00000000fff60000,0x00000000fff60000)
  from space 320K, 80% used [0x00000000fff60000,0x00000000fffa0000,0x00000000fffb0000)
  to   space 320K, 0% used [0x00000000fffb0000,0x00000000fffb0000,0x0000000000000000)
 ParOldGen       total 86144K, used 42774K [0x00000000da800000, 0x00000000dfc20000, 0x00000000f3800000)
  object space 86144K, 49% used [0x00000000da800000,0x00000000dd1c5948,0x00000000dfc20000)
 PSPermGen       total 21248K, used 18130K [0x00000000d5600000, 0x00000000d6ac0000, 0x00000000da800000)
  object space 21248K, 85% used [0x00000000d5600000,0x00000000d67b4be8,0x00000000d6ac0000)
Event: 10.741 GC heap after
Heap after GC invocations=252 (full 0):
 PSYoungGen      total 204480K, used 224K [0x00000000f3800000, 0x0000000000000000, 0x0000000000000000)
  eden space 204160K, 0% used [0x00000000f3800000,0x00000000f3800000,0x00000000fff60000)
  from space 320K, 70% used [0x00000000fffb0000,0x00000000fffe8000,0x0000000000000000)
  to   space 320K, 0% used [0x00000000fff60000,0x00000000fff60000,0x00000000fffb0000)
 ParOldGen       total 86144K, used 42798K [0x00000000da800000, 0x00000000dfc20000, 0x00000000f3800000)
  object space 86144K, 49% used [0x00000000da800000,0x00000000dd1cb948,0x00000000dfc20000)
 PSPermGen       total 21248K, used 18130K [0x00000000d5600000, 0x00000000d6ac0000, 0x00000000da800000)
  object space 21248K, 85% used [0x00000000d5600000,0x00000000d67b4be8,0x00000000d6ac0000)
}
Event: 10.757 GC heap before
{Heap before GC invocations=253 (full 0):
 PSYoungGen      total 204480K, used 204384K [0x00000000f3800000, 0x0000000000000000, 0x0000000000000000)
  eden space 204160K, 100% used [0x00000000f3800000,0x00000000fff60000,0x00000000fff60000)
  from space 320K, 70% used [0x00000000fffb0000,0x00000000fffe8000,0x0000000000000000)
  to   space 320K, 0% used [0x00000000fff60000,0x00000000fff60000,0x00000000fffb0000)
 ParOldGen       total 86144K, used 42798K [0x00000000da800000, 0x00000000dfc20000, 0x00000000f3800000)
  object space 86144K, 49% used [0x00000000da800000,0x00000000dd1cb948,0x00000000dfc20000)
 PSPermGen       total 21248K, used 18130K [0x00000000d5600000, 0x00000000d6ac0000, 0x00000000da800000)
  object space 21248K, 85% used [0x00000000d5600000,0x00000000d67b4be8,0x00000000d6ac0000)
Event: 10.758 GC heap after
Heap after GC invocations=253 (full 0):
 PSYoungGen      total 204480K, used 192K [0x00000000f3800000, 0x0000000000000000, 0x0000000000000000)
  eden space 204160K, 0% used [0x00000000f3800000,0x00000000f3800000,0x00000000fff60000)
  from space 320K, 60% used [0x00000000fff60000,0x00000000fff90000,0x00000000fffb0000)
  to   space 320K, 0% used [0x00000000fffb0000,0x00000000fffb0000,0x0000000000000000)
 ParOldGen       total 86144K, used 42814K [0x00000000da800000, 0x00000000dfc20000, 0x00000000f3800000)
  object space 86144K, 49% used [0x00000000da800000,0x00000000dd1cf948,0x00000000dfc20000)
 PSPermGen       total 21248K, used 18130K [0x00000000d5600000, 0x00000000d6ac0000, 0x00000000da800000)
  object space 21248K, 85% used [0x00000000d5600000,0x00000000d67b4be8,0x00000000d6ac0000)
}
Event: 10.773 GC heap before
{Heap before GC invocations=254 (full 0):
 PSYoungGen      total 204480K, used 204352K [0x00000000f3800000, 0x0000000000000000, 0x0000000000000000)
  eden space 204160K, 100% used [0x00000000f3800000,0x00000000fff60000,0x00000000fff60000)
  from space 320K, 60% used [0x00000000fff60000,0x00000000fff90000,0x00000000fffb0000)
  to   space 320K, 0% used [0x00000000fffb0000,0x00000000fffb0000,0x0000000000000000)
 ParOldGen       total 86144K, used 42814K [0x00000000da800000, 0x00000000dfc20000, 0x00000000f3800000)
  object space 86144K, 49% used [0x00000000da800000,0x00000000dd1cf948,0x00000000dfc20000)
 PSPermGen       total 21248K, used 18130K [0x00000000d5600000, 0x00000000d6ac0000, 0x00000000da800000)
  object space 21248K, 85% used [0x00000000d5600000,0x00000000d67b4be8,0x00000000d6ac0000)
Event: 10.774 GC heap after
Heap after GC invocations=254 (full 0):
 PSYoungGen      total 204480K, used 256K [0x00000000f3800000, 0x0000000000000000, 0x0000000000000000)
  eden space 204160K, 0% used [0x00000000f3800000,0x00000000f3800000,0x00000000fff60000)
  from space 320K, 80% used [0x00000000fffb0000,0x00000000ffff0000,0x0000000000000000)
  to   space 320K, 0% used [0x00000000fff60000,0x00000000fff60000,0x00000000fffb0000)
 ParOldGen       total 86144K, used 42822K [0x00000000da800000, 0x00000000dfc20000, 0x00000000f3800000)
  object space 86144K, 49% used [0x00000000da800000,0x00000000dd1d1948,0x00000000dfc20000)
 PSPermGen       total 21248K, used 18130K [0x00000000d5600000, 0x00000000d6ac0000, 0x00000000da800000)
  object space 21248K, 85% used [0x00000000d5600000,0x00000000d67b4be8,0x00000000d6ac0000)
}
Event: 10.787 GC heap before
{Heap before GC invocations=255 (full 0):
 PSYoungGen      total 204480K, used 204416K [0x00000000f3800000, 0x0000000000000000, 0x0000000000000000)
  eden space 204160K, 100% used [0x00000000f3800000,0x00000000fff60000,0x00000000fff60000)
  from space 320K, 80% used [0x00000000fffb0000,0x00000000ffff0000,0x0000000000000000)
  to   space 320K, 0% used [0x00000000fff60000,0x00000000fff60000,0x00000000fffb0000)
 ParOldGen       total 86144K, used 42822K [0x00000000da800000, 0x00000000dfc20000, 0x00000000f3800000)
  object space 86144K, 49% used [0x00000000da800000,0x00000000dd1d1948,0x00000000dfc20000)
 PSPermGen       total 21248K, used 18130K [0x00000000d5600000, 0x00000000d6ac0000, 0x00000000da800000)
  object space 21248K, 85% used [0x00000000d5600000,0x00000000d67b4be8,0x00000000d6ac0000)
Event: 10.787 GC heap after
Heap after GC invocations=255 (full 0):
 PSYoungGen      total 204480K, used 192K [0x00000000f3800000, 0x0000000000000000, 0x0000000000000000)
  eden space 204160K, 0% used [0x00000000f3800000,0x00000000f3800000,0x00000000fff60000)
  from space 320K, 60% used [0x00000000fff60000,0x00000000fff90000,0x00000000fffb0000)
  to   space 320K, 0% used [0x00000000fffb0000,0x00000000fffb0000,0x0000000000000000)
 ParOldGen       total 86144K, used 42854K [0x00000000da800000, 0x00000000dfc20000, 0x00000000f3800000)
  object space 86144K, 49% used [0x00000000da800000,0x00000000dd1d9948,0x00000000dfc20000)
 PSPermGen       total 21248K, used 18130K [0x00000000d5600000, 0x00000000d6ac0000, 0x00000000da800000)
  object space 21248K, 85% used [0x00000000d5600000,0x00000000d67b4be8,0x00000000d6ac0000)
}

Deoptimization events (10 events):
Event: 6.954 Thread 0x000000000d86a000 Uncommon trap -34 fr.pc 0x0000000002c0ea84
Event: 6.954 Thread 0x000000000d867000 Uncommon trap -34 fr.pc 0x0000000002c0f248
Event: 6.954 Thread 0x000000000d867000 Uncommon trap -34 fr.pc 0x0000000002c0ea84
Event: 6.954 Thread 0x000000000d867000 Uncommon trap -83 fr.pc 0x0000000002bf1e8c
Event: 6.954 Thread 0x000000000d86b800 Uncommon trap -34 fr.pc 0x0000000002c0f248
Event: 6.954 Thread 0x000000000d864000 Uncommon trap -34 fr.pc 0x0000000002c0f248
Event: 6.954 Thread 0x000000000d868800 Uncommon trap -34 fr.pc 0x0000000002c0edec
Event: 6.955 Thread 0x000000000d868000 Uncommon trap -34 fr.pc 0x0000000002c0d7cc
Event: 6.959 Thread 0x000000000d864000 Uncommon trap -34 fr.pc 0x0000000002b47c30
Event: 6.959 Thread 0x000000000d865000 Uncommon trap -34 fr.pc 0x0000000002b47c30

Internal exceptions (10 events):
Event: 7.127 Thread 0x000000000d312000 Threw 0x00000000f56d7dc8 at C:\jdk7u2_64p\jdk7u4\hotspot\src\share\vm\prims\jvm.cpp:1166
Event: 7.127 Thread 0x000000000d312000 Threw 0x00000000f56dadf8 at C:\jdk7u2_64p\jdk7u4\hotspot\src\share\vm\prims\jvm.cpp:1166
Event: 7.128 Thread 0x000000000d312000 Threw 0x00000000f56e4648 at C:\jdk7u2_64p\jdk7u4\hotspot\src\share\vm\prims\jvm.cpp:1166
Event: 7.128 Thread 0x000000000d312000 Threw 0x00000000f56e7350 at C:\jdk7u2_64p\jdk7u4\hotspot\src\share\vm\prims\jvm.cpp:1166
Event: 7.128 Thread 0x000000000d312000 Threw 0x00000000f56f09c0 at C:\jdk7u2_64p\jdk7u4\hotspot\src\share\vm\prims\jvm.cpp:1166
Event: 7.128 Thread 0x000000000d312000 Threw 0x00000000f56f2d60 at C:\jdk7u2_64p\jdk7u4\hotspot\src\share\vm\prims\jvm.cpp:1166
Event: 10.804 Thread 0x000000000d312000 Threw 0x00000000fdd82908 at C:\jdk7u2_64p\jdk7u4\hotspot\src\share\vm\prims\jvm.cpp:1166
Event: 10.804 Thread 0x000000000d312000 Threw 0x00000000fdd846a0 at C:\jdk7u2_64p\jdk7u4\hotspot\src\share\vm\prims\jvm.cpp:1166
Event: 10.807 Thread 0x000000000d312000 Threw 0x00000000fde45230 at C:\jdk7u2_64p\jdk7u4\hotspot\src\share\vm\prims\jvm.cpp:1166
Event: 10.807 Thread 0x000000000d312000 Threw 0x00000000fde47020 at C:\jdk7u2_64p\jdk7u4\hotspot\src\share\vm\prims\jvm.cpp:1166

Events (10 events):
Event: 10.806 Executing VM operation: RevokeBias
Event: 10.806 Executing VM operation: RevokeBias done
Event: 10.806 Executing VM operation: RevokeBias
Event: 10.806 Executing VM operation: RevokeBias done
Event: 10.806 Executing VM operation: RevokeBias
Event: 10.806 Executing VM operation: RevokeBias done
Event: 10.806 Executing VM operation: RevokeBias
Event: 10.806 Executing VM operation: RevokeBias done
Event: 10.807 loading class 0x000000000c0cc810
Event: 10.807 loading class 0x000000000c0cc810 done


Dynamic libraries:
0x000000003f6b0000 - 0x000000003f6e3000 	C:\Program Files\Java\jdk1.7.0_04\bin\java.exe
0x00000000776c0000 - 0x0000000077869000 	C:\Windows\SYSTEM32\ntdll.dll
0x0000000076fe0000 - 0x00000000770ff000 	C:\Windows\system32\kernel32.dll
0x00000000fdbf0000 - 0x00000000fdc5c000 	C:\Windows\system32\KERNELBASE.dll
0x00000000fe820000 - 0x00000000fe8fb000 	C:\Windows\system32\ADVAPI32.dll
0x00000000fe4a0000 - 0x00000000fe53f000 	C:\Windows\system32\msvcrt.dll
0x00000000fe590000 - 0x00000000fe5af000 	C:\Windows\SYSTEM32\sechost.dll
0x00000000fe900000 - 0x00000000fea2d000 	C:\Windows\system32\RPCRT4.dll
0x0000000077100000 - 0x00000000771fa000 	C:\Windows\system32\USER32.dll
0x00000000fe7b0000 - 0x00000000fe817000 	C:\Windows\system32\GDI32.dll
0x00000000feab0000 - 0x00000000feabe000 	C:\Windows\system32\LPK.dll
0x00000000ff880000 - 0x00000000ff949000 	C:\Windows\system32\USP10.dll
0x00000000fcd30000 - 0x00000000fcf24000 	C:\Windows\WinSxS\amd64_microsoft.windows.common-controls_6595b64144ccf1df_6.0.7601.17514_none_fa396087175ac9ac\COMCTL32.dll
0x00000000ff950000 - 0x00000000ff9c1000 	C:\Windows\system32\SHLWAPI.dll
0x00000000feac0000 - 0x00000000feaee000 	C:\Windows\system32\IMM32.DLL
0x00000000fdf90000 - 0x00000000fe099000 	C:\Windows\system32\MSCTF.dll
0x00000000fdae0000 - 0x00000000fdb1c000 	C:\Windows\system32\nvinitx.dll
0x000000000f000000 - 0x000000000f006000 	C:\Program Files\NVIDIA Corporation\CoProcManager\_etoured.dll
0x00000000faf00000 - 0x00000000faf44000 	C:\Program Files\NVIDIA Corporation\CoProcManager\nvd3d9wrapx.dll
0x00000000fe5b0000 - 0x00000000fe787000 	C:\Windows\system32\SETUPAPI.dll
0x00000000fde10000 - 0x00000000fde46000 	C:\Windows\system32\CFGMGR32.dll
0x00000000fe0a0000 - 0x00000000fe177000 	C:\Windows\system32\OLEAUT32.dll
0x00000000fe230000 - 0x00000000fe433000 	C:\Windows\system32\ole32.dll
0x00000000fdbd0000 - 0x00000000fdbea000 	C:\Windows\system32\DEVOBJ.dll
0x00000000faeb0000 - 0x00000000faef2000 	C:\Program Files\NVIDIA Corporation\CoProcManager\nvdxgiwrapx.dll
0x0000000067990000 - 0x0000000067a61000 	C:\Program Files\Java\jdk1.7.0_04\jre\bin\msvcr100.dll
0x000000005b700000 - 0x000000005be1a000 	C:\Program Files\Java\jdk1.7.0_04\jre\bin\server\jvm.dll
0x00000000fa310000 - 0x00000000fa319000 	C:\Windows\system32\WSOCK32.dll
0x00000000fe540000 - 0x00000000fe58d000 	C:\Windows\system32\WS2_32.dll
0x00000000fe220000 - 0x00000000fe228000 	C:\Windows\system32\NSI.dll
0x00000000fba90000 - 0x00000000fbacb000 	C:\Windows\system32\WINMM.dll
0x0000000077890000 - 0x0000000077897000 	C:\Windows\system32\PSAPI.DLL
0x000000006e670000 - 0x000000006e67f000 	C:\Program Files\Java\jdk1.7.0_04\jre\bin\verify.dll
0x000000006e000000 - 0x000000006e028000 	C:\Program Files\Java\jdk1.7.0_04\jre\bin\java.dll
0x000000006e530000 - 0x000000006e545000 	C:\Program Files\Java\jdk1.7.0_04\jre\bin\zip.dll
0x0000000068ba0000 - 0x0000000068bb9000 	C:\Program Files\Java\jdk1.7.0_04\jre\bin\net.dll
0x00000000fd310000 - 0x00000000fd365000 	C:\Windows\system32\mswsock.dll
0x00000000fd5a0000 - 0x00000000fd5a7000 	C:\Windows\System32\wship6.dll
0x0000000068b80000 - 0x0000000068b91000 	C:\Program Files\Java\jdk1.7.0_04\jre\bin\nio.dll
0x0000000062d80000 - 0x0000000062da6000 	C:\Users\tbonne1\Documents\R\win-library\2.14\rJava\jri\x64\jri.dll
0x000000006c700000 - 0x000000006caa5000 	C:\Program Files\R\R-2.14.1\bin\x64\R.dll
0x0000000064e80000 - 0x0000000064ed9000 	C:\Program Files\R\R-2.14.1\bin\x64\Rblas.dll
0x00000000641c0000 - 0x00000000641e5000 	C:\Program Files\R\R-2.14.1\bin\x64\Riconv.dll
0x0000000063540000 - 0x00000000635af000 	C:\Program Files\R\R-2.14.1\bin\x64\Rgraphapp.dll
0x00000000fdef0000 - 0x00000000fdf87000 	C:\Windows\system32\comdlg32.dll
0x00000000feaf0000 - 0x00000000ff878000 	C:\Windows\system32\SHELL32.dll
0x00000000fafe0000 - 0x00000000fafe7000 	C:\Windows\system32\MSIMG32.dll
0x000000006f8c0000 - 0x000000006f8f1000 	C:\Program Files\R\R-2.14.1\bin\x64\Rzlib.dll
0x00000000fcaa0000 - 0x00000000fcaac000 	C:\Windows\system32\VERSION.dll
0x00000000f7be0000 - 0x00000000f7d05000 	C:\Windows\system32\dbghelp.dll

VM Arguments:
jvm_args: -Xmx600M 
java_command: repast.simphony.runtime.RepastBatchMain -params C:\Users\tbonne1\AppData\Local\Temp\sweepGUI5978980844332001279.xml C:\Users\tbonne1\Dropbox\code\SpatialMemory\LHP_dispersal\LHP\LHP.rs
Launcher Type: SUN_STANDARD

Environment Variables:
JAVA_HOME=C:\Program Files\Java\jdk1.7.0_04\bin
PATH=C:\Users\tbonne1\Documents\R\win-library\2.14\rJava\jri\x64;C:\Program Files\R\R-2.14.1\bin\x64
USERNAME=tbonne1
OS=Windows_NT
PROCESSOR_IDENTIFIER=Intel64 Family 6 Model 42 Stepping 7, GenuineIntel



---------------  S Y S T E M  ---------------

OS: Windows 7 , 64 bit Build 7601 Service Pack 1

CPU:total 8 (4 cores per cpu, 2 threads per core) family 6 model 42 stepping 7, cmov, cx8, fxsr, mmx, sse, sse2, sse3, ssse3, sse4.1, sse4.2, popcnt, avx, ht, tsc, tscinvbit

Memory: 4k page, physical 8269040k(3089128k free), swap 16536220k(10735144k free)

vm_info: Java HotSpot(TM) 64-Bit Server VM (23.0-b21) for windows-amd64 JRE (1.7.0_04-b22), built on May  2 2012 23:28:26 by "java_re" with unknown MS VC++:1600

time: Fri Apr 26 12:25:00 2013
elapsed time: 10 seconds

